2019-07-19 16:17:38,199 INFO (StartupInfoLogger.java:48)- Starting Application on maogeer-PC with PID 5252 (E:\myspace8\service-web-led\target\classes started by maogeer in E:\myspace8\service-web-led)
2019-07-19 16:17:38,203 INFO (SpringApplication.java:661)- No active profile set, falling back to default profiles: default
2019-07-19 16:17:38,470 INFO (Version.java:30)- HV000001: Hibernate Validator 5.2.4.Final
2019-07-19 16:17:38,472 INFO (AbstractApplicationContext.java:582)- Refreshing org.springframework.boot.context.embedded.AnnotationConfigEmbeddedWebApplicationContext@16514d0d: startup date [Fri Jul 19 16:17:38 CST 2019]; root of context hierarchy
2019-07-19 16:17:40,857 WARN (ClassPathMapperScanner.java:167)- No MyBatis mapper was found in '[com.framework.dao]' package. Please check your configuration.
2019-07-19 16:17:41,203 INFO (RepositoryConfigurationDelegate.java:170)- Multiple Spring Data modules found, entering strict repository configuration mode!
2019-07-19 16:17:41,480 INFO (RepositoryConfigurationDelegate.java:170)- Multiple Spring Data modules found, entering strict repository configuration mode!
2019-07-19 16:17:42,140 INFO (PostProcessorRegistrationDelegate.java:325)- Bean 'org.springframework.amqp.rabbit.annotation.RabbitBootstrapConfiguration' of type [class org.springframework.amqp.rabbit.annotation.RabbitBootstrapConfiguration$$EnhancerBySpringCGLIB$$9e5c8c94] is not eligible for getting processed by all BeanPostProcessors (for example: not eligible for auto-proxying)
2019-07-19 16:17:42,177 INFO (PostProcessorRegistrationDelegate.java:325)- Bean 'org.springframework.cache.annotation.ProxyCachingConfiguration' of type [class org.springframework.cache.annotation.ProxyCachingConfiguration$$EnhancerBySpringCGLIB$$21030484] is not eligible for getting processed by all BeanPostProcessors (for example: not eligible for auto-proxying)
2019-07-19 16:17:42,186 INFO (PostProcessorRegistrationDelegate.java:325)- Bean 'org.springframework.transaction.annotation.ProxyTransactionManagementConfiguration' of type [class org.springframework.transaction.annotation.ProxyTransactionManagementConfiguration$$EnhancerBySpringCGLIB$$d7f0ce66] is not eligible for getting processed by all BeanPostProcessors (for example: not eligible for auto-proxying)
2019-07-19 16:17:42,233 INFO (PostProcessorRegistrationDelegate.java:325)- Bean 'org.springframework.boot.autoconfigure.cache.CacheAutoConfiguration' of type [class org.springframework.boot.autoconfigure.cache.CacheAutoConfiguration$$EnhancerBySpringCGLIB$$1576c928] is not eligible for getting processed by all BeanPostProcessors (for example: not eligible for auto-proxying)
2019-07-19 16:17:42,366 INFO (PostProcessorRegistrationDelegate.java:325)- Bean 'spring.cache-org.springframework.boot.autoconfigure.cache.CacheProperties' of type [class org.springframework.boot.autoconfigure.cache.CacheProperties] is not eligible for getting processed by all BeanPostProcessors (for example: not eligible for auto-proxying)
2019-07-19 16:17:42,376 INFO (PostProcessorRegistrationDelegate.java:325)- Bean 'org.springframework.boot.autoconfigure.cache.CacheManagerCustomizers' of type [class org.springframework.boot.autoconfigure.cache.CacheManagerCustomizers] is not eligible for getting processed by all BeanPostProcessors (for example: not eligible for auto-proxying)
2019-07-19 16:17:42,381 INFO (PostProcessorRegistrationDelegate.java:325)- Bean 'org.springframework.boot.autoconfigure.cache.RedisCacheConfiguration' of type [class org.springframework.boot.autoconfigure.cache.RedisCacheConfiguration$$EnhancerBySpringCGLIB$$c6086582] is not eligible for getting processed by all BeanPostProcessors (for example: not eligible for auto-proxying)
2019-07-19 16:17:42,388 INFO (PostProcessorRegistrationDelegate.java:325)- Bean 'org.springframework.boot.autoconfigure.data.redis.RedisAutoConfiguration$RedisConfiguration' of type [class org.springframework.boot.autoconfigure.data.redis.RedisAutoConfiguration$RedisConfiguration$$EnhancerBySpringCGLIB$$1d9353f3] is not eligible for getting processed by all BeanPostProcessors (for example: not eligible for auto-proxying)
2019-07-19 16:17:42,401 INFO (PostProcessorRegistrationDelegate.java:325)- Bean 'spring.redis-org.springframework.boot.autoconfigure.data.redis.RedisProperties' of type [class org.springframework.boot.autoconfigure.data.redis.RedisProperties] is not eligible for getting processed by all BeanPostProcessors (for example: not eligible for auto-proxying)
2019-07-19 16:17:42,409 INFO (PostProcessorRegistrationDelegate.java:325)- Bean 'org.springframework.boot.autoconfigure.data.redis.RedisAutoConfiguration$RedisConnectionConfiguration' of type [class org.springframework.boot.autoconfigure.data.redis.RedisAutoConfiguration$RedisConnectionConfiguration$$EnhancerBySpringCGLIB$$6beaf575] is not eligible for getting processed by all BeanPostProcessors (for example: not eligible for auto-proxying)
2019-07-19 16:17:42,442 INFO (PostProcessorRegistrationDelegate.java:325)- Bean 'redisConnectionFactory' of type [class org.springframework.data.redis.connection.jedis.JedisConnectionFactory] is not eligible for getting processed by all BeanPostProcessors (for example: not eligible for auto-proxying)
2019-07-19 16:17:42,467 INFO (PostProcessorRegistrationDelegate.java:325)- Bean 'redisTemplate' of type [class org.springframework.data.redis.core.RedisTemplate] is not eligible for getting processed by all BeanPostProcessors (for example: not eligible for auto-proxying)
2019-07-19 16:17:42,483 INFO (PostProcessorRegistrationDelegate.java:325)- Bean 'cacheManager' of type [class org.springframework.data.redis.cache.RedisCacheManager] is not eligible for getting processed by all BeanPostProcessors (for example: not eligible for auto-proxying)
2019-07-19 16:17:42,486 INFO (PostProcessorRegistrationDelegate.java:325)- Bean 'cacheAutoConfigurationValidator' of type [class org.springframework.boot.autoconfigure.cache.CacheAutoConfiguration$CacheManagerValidator] is not eligible for getting processed by all BeanPostProcessors (for example: not eligible for auto-proxying)
2019-07-19 16:17:42,937 INFO (TomcatEmbeddedServletContainer.java:87)- Tomcat initialized with port(s): 8080 (http)
2019-07-19 16:17:42,963 INFO (DirectJDKLog.java:179)- Starting service Tomcat
2019-07-19 16:17:42,964 INFO (DirectJDKLog.java:179)- Starting Servlet Engine: Apache Tomcat/8.5.6
2019-07-19 16:17:43,030 INFO (DirectJDKLog.java:179)- Initializing Spring embedded WebApplicationContext
2019-07-19 16:17:43,031 INFO (EmbeddedWebApplicationContext.java:276)- Root WebApplicationContext: initialization completed in 4559 ms
2019-07-19 16:17:43,353 INFO (AbstractFilterRegistrationBean.java:258)- Mapping filter: 'metricsFilter' to: [/*]
2019-07-19 16:17:43,353 INFO (AbstractFilterRegistrationBean.java:258)- Mapping filter: 'characterEncodingFilter' to: [/*]
2019-07-19 16:17:43,354 INFO (AbstractFilterRegistrationBean.java:258)- Mapping filter: 'hiddenHttpMethodFilter' to: [/*]
2019-07-19 16:17:43,354 INFO (AbstractFilterRegistrationBean.java:258)- Mapping filter: 'httpPutFormContentFilter' to: [/*]
2019-07-19 16:17:43,354 INFO (AbstractFilterRegistrationBean.java:258)- Mapping filter: 'requestContextFilter' to: [/*]
2019-07-19 16:17:43,354 INFO (AbstractFilterRegistrationBean.java:271)- Mapping filter: 'SSOAuth' to urls: [/*, /logout]
2019-07-19 16:17:43,354 INFO (AbstractFilterRegistrationBean.java:258)- Mapping filter: 'webRequestLoggingFilter' to: [/*]
2019-07-19 16:17:43,354 INFO (AbstractFilterRegistrationBean.java:258)- Mapping filter: 'applicationContextIdFilter' to: [/*]
2019-07-19 16:17:43,355 INFO (ServletRegistrationBean.java:190)- Mapping servlet: 'dispatcherServlet' to [/]
2019-07-19 16:17:43,478 INFO (LedMsgProcessService.java:99)- ----------LedMsgProcessService Initializing ----------------
2019-07-19 16:17:43,485 INFO (MsgEncoder.java:38)- ----------MsgEncoder Initializing ----------------
2019-07-19 16:17:43,489 INFO (BitOperator.java:14)- ----------BitOperator Initializing ----------------
2019-07-19 16:17:43,497 INFO (BCDOperater.java:12)- ----------BCDOperater Initializing ----------------
2019-07-19 16:17:43,998 INFO (LedDownSender.java:53)- ----------LedDownSender Initializing ----------------
2019-07-19 16:17:44,802 ERROR (RedisPool.java:100)- init param error!
java.lang.NumberFormatException: null
	at java.lang.Integer.parseInt(Unknown Source)
	at java.lang.Integer.parseInt(Unknown Source)
	at com.framework.redis.RedisPool.initParam(RedisPool.java:68)
	at com.framework.redis.RedisPool$$EnhancerBySpringCGLIB$$4ad428f2.CGLIB$initParam$0(<generated>)
	at com.framework.redis.RedisPool$$EnhancerBySpringCGLIB$$4ad428f2$$FastClassBySpringCGLIB$$c1cb661.invoke(<generated>)
	at org.springframework.cglib.proxy.MethodProxy.invokeSuper(MethodProxy.java:228)
	at org.springframework.context.annotation.ConfigurationClassEnhancer$BeanMethodInterceptor.intercept(ConfigurationClassEnhancer.java:356)
	at com.framework.redis.RedisPool$$EnhancerBySpringCGLIB$$4ad428f2.initParam(<generated>)
	at sun.reflect.NativeMethodAccessorImpl.invoke0(Native Method)
	at sun.reflect.NativeMethodAccessorImpl.invoke(Unknown Source)
	at sun.reflect.DelegatingMethodAccessorImpl.invoke(Unknown Source)
	at java.lang.reflect.Method.invoke(Unknown Source)
	at org.springframework.beans.factory.support.SimpleInstantiationStrategy.instantiate(SimpleInstantiationStrategy.java:162)
	at org.springframework.beans.factory.support.ConstructorResolver.instantiateUsingFactoryMethod(ConstructorResolver.java:588)
	at org.springframework.beans.factory.support.AbstractAutowireCapableBeanFactory.instantiateUsingFactoryMethod(AbstractAutowireCapableBeanFactory.java:1128)
	at org.springframework.beans.factory.support.AbstractAutowireCapableBeanFactory.createBeanInstance(AbstractAutowireCapableBeanFactory.java:1022)
	at org.springframework.beans.factory.support.AbstractAutowireCapableBeanFactory.doCreateBean(AbstractAutowireCapableBeanFactory.java:512)
	at org.springframework.beans.factory.support.AbstractAutowireCapableBeanFactory.createBean(AbstractAutowireCapableBeanFactory.java:482)
	at org.springframework.beans.factory.support.AbstractBeanFactory$1.getObject(AbstractBeanFactory.java:306)
	at org.springframework.beans.factory.support.DefaultSingletonBeanRegistry.getSingleton(DefaultSingletonBeanRegistry.java:230)
	at org.springframework.beans.factory.support.AbstractBeanFactory.doGetBean(AbstractBeanFactory.java:302)
	at org.springframework.beans.factory.support.AbstractBeanFactory.getBean(AbstractBeanFactory.java:197)
	at org.springframework.beans.factory.support.DefaultListableBeanFactory.preInstantiateSingletons(DefaultListableBeanFactory.java:754)
	at org.springframework.context.support.AbstractApplicationContext.finishBeanFactoryInitialization(AbstractApplicationContext.java:866)
	at org.springframework.context.support.AbstractApplicationContext.refresh(AbstractApplicationContext.java:542)
	at org.springframework.boot.context.embedded.EmbeddedWebApplicationContext.refresh(EmbeddedWebApplicationContext.java:122)
	at org.springframework.boot.SpringApplication.refresh(SpringApplication.java:761)
	at org.springframework.boot.SpringApplication.refreshContext(SpringApplication.java:371)
	at org.springframework.boot.SpringApplication.run(SpringApplication.java:315)
	at org.springframework.boot.builder.SpringApplicationBuilder.run(SpringApplicationBuilder.java:134)
	at com.framework.Application.main(Application.java:25)
	at sun.reflect.NativeMethodAccessorImpl.invoke0(Native Method)
	at sun.reflect.NativeMethodAccessorImpl.invoke(Unknown Source)
	at sun.reflect.DelegatingMethodAccessorImpl.invoke(Unknown Source)
	at java.lang.reflect.Method.invoke(Unknown Source)
	at org.springframework.boot.devtools.restart.RestartLauncher.run(RestartLauncher.java:49)
2019-07-19 16:17:45,237 INFO (RequestMappingHandlerAdapter.java:534)- Looking for @ControllerAdvice: org.springframework.boot.context.embedded.AnnotationConfigEmbeddedWebApplicationContext@16514d0d: startup date [Fri Jul 19 16:17:38 CST 2019]; root of context hierarchy
2019-07-19 16:17:45,303 INFO (AbstractHandlerMethodMapping.java:543)- Mapped "{[/selectZdxx],methods=[POST]}" onto public java.util.List<java.util.Map<java.lang.String, java.lang.Object>> com.framework.webClient.controller.CommonController.selectZdxx(java.util.Map<java.lang.String, java.lang.Object>)
2019-07-19 16:17:45,304 INFO (AbstractHandlerMethodMapping.java:543)- Mapped "{[/selectXlxx],methods=[POST]}" onto public java.util.List<java.util.Map<java.lang.String, java.lang.Object>> com.framework.webClient.controller.CommonController.selectXlxx(java.util.Map<java.lang.String, java.lang.Object>)
2019-07-19 16:17:45,306 INFO (AbstractHandlerMethodMapping.java:543)- Mapped "{[/LedCsszb],methods=[GET]}" onto public org.springframework.web.servlet.ModelAndView com.framework.webClient.controller.LedCsszbController.ledContentManage()
2019-07-19 16:17:45,307 INFO (AbstractHandlerMethodMapping.java:543)- Mapped "{[/insertLedCsszb],methods=[POST]}" onto public java.util.Map<java.lang.String, java.lang.Object> com.framework.webClient.controller.LedCsszbController.insertLedCsszb(com.framework.webClient.entity.LedCsszb,javax.servlet.http.HttpSession)
2019-07-19 16:17:45,307 INFO (AbstractHandlerMethodMapping.java:543)- Mapped "{[/selectCsmbCombox],methods=[POST]}" onto public java.util.List<java.util.Map<java.lang.String, java.lang.Object>> com.framework.webClient.controller.LedCsszbController.selectCsmbCombox()
2019-07-19 16:17:45,307 INFO (AbstractHandlerMethodMapping.java:543)- Mapped "{[/selectSystemPara],methods=[POST]}" onto public java.util.Map<java.lang.String, java.lang.Object> com.framework.webClient.controller.LedCsszbController.selectSystemPara()
2019-07-19 16:17:45,308 INFO (AbstractHandlerMethodMapping.java:543)- Mapped "{[/updateSystemPara],methods=[POST]}" onto public java.util.Map<java.lang.String, java.lang.Object> com.framework.webClient.controller.LedCsszbController.updateSystemPara(java.util.Map<java.lang.String, java.lang.Object>)
2019-07-19 16:17:45,308 INFO (AbstractHandlerMethodMapping.java:543)- Mapped "{[/selectLedCsszbByMbinfo],methods=[POST]}" onto public java.util.List<com.framework.webClient.entity.LedCsszb> com.framework.webClient.controller.LedCsszbController.selectLedCsszbByMbinfo(java.util.Map<java.lang.String, java.lang.Object>)
2019-07-19 16:17:45,308 INFO (AbstractHandlerMethodMapping.java:543)- Mapped "{[/deleteLedCsszbById],methods=[POST]}" onto public int com.framework.webClient.controller.LedCsszbController.deleteLedCsszbById(java.lang.String)
2019-07-19 16:17:45,308 INFO (AbstractHandlerMethodMapping.java:543)- Mapped "{[/updateLedCsszbById],methods=[POST]}" onto public java.util.Map<java.lang.String, java.lang.Object> com.framework.webClient.controller.LedCsszbController.updateLedCsszbById(com.framework.webClient.entity.LedCsszb,javax.servlet.http.HttpSession)
2019-07-19 16:17:45,312 INFO (AbstractHandlerMethodMapping.java:543)- Mapped "{[/selectLedList],methods=[POST]}" onto public java.util.List<java.util.Map<java.lang.String, java.lang.Object>> com.framework.webClient.controller.LedListController.selectLedList(java.util.Map<java.lang.String, java.lang.Object>)
2019-07-19 16:17:45,312 INFO (AbstractHandlerMethodMapping.java:543)- Mapped "{[/ledlist],methods=[GET]}" onto public org.springframework.web.servlet.ModelAndView com.framework.webClient.controller.LedListController.ledList()
2019-07-19 16:17:45,312 INFO (AbstractHandlerMethodMapping.java:543)- Mapped "{[/ledlistadd],methods=[GET]}" onto public org.springframework.web.servlet.ModelAndView com.framework.webClient.controller.LedListController.ledListAdd()
2019-07-19 16:17:45,313 INFO (AbstractHandlerMethodMapping.java:543)- Mapped "{[/selectLedListAdd],methods=[POST]}" onto public java.util.List<java.util.Map<java.lang.String, java.lang.Object>> com.framework.webClient.controller.LedListController.selectLedListAdd(java.util.Map<java.lang.String, java.lang.Object>)
2019-07-19 16:17:45,313 INFO (AbstractHandlerMethodMapping.java:543)- Mapped "{[/saveLedList],methods=[POST]}" onto public java.util.Map<java.lang.String, java.lang.Object> com.framework.webClient.controller.LedListController.saveLedList(java.util.Map<java.lang.String, java.lang.Object>,javax.servlet.http.HttpSession)
2019-07-19 16:17:45,313 INFO (AbstractHandlerMethodMapping.java:543)- Mapped "{[/delLedList],methods=[POST]}" onto public java.util.Map<java.lang.String, java.lang.Object> com.framework.webClient.controller.LedListController.delLedList(java.util.Map<java.lang.String, java.lang.Object>)
2019-07-19 16:17:45,314 INFO (AbstractHandlerMethodMapping.java:543)- Mapped "{[/importLedExcel],methods=[POST]}" onto public java.util.Map<java.lang.String, java.lang.Object> com.framework.webClient.controller.LedListController.importLedExcel(javax.servlet.http.HttpServletRequest,org.springframework.web.multipart.MultipartFile,javax.servlet.http.HttpSession)
2019-07-19 16:17:45,315 INFO (AbstractHandlerMethodMapping.java:543)- Mapped "{[/downErrorFile]}" onto public org.springframework.http.ResponseEntity<org.springframework.core.io.FileSystemResource> com.framework.webClient.controller.LedListController.downErrorFile(javax.servlet.http.HttpServletRequest) throws java.lang.Exception
2019-07-19 16:17:45,315 INFO (AbstractHandlerMethodMapping.java:543)- Mapped "{[/selectLedParaInfo],methods=[POST]}" onto public java.util.Map<java.lang.String, java.lang.Object> com.framework.webClient.controller.LedListController.selectLedParaInfo(java.util.Map<java.lang.String, java.lang.Object>)
2019-07-19 16:17:45,315 INFO (AbstractHandlerMethodMapping.java:543)- Mapped "{[/saveOrSaveSendLedPara],methods=[POST]}" onto public java.util.Map<java.lang.String, java.lang.Object> com.framework.webClient.controller.LedListController.saveOrSaveSendLedPara(java.util.Map<java.lang.String, java.lang.Object>)
2019-07-19 16:17:45,316 INFO (AbstractHandlerMethodMapping.java:543)- Mapped "{[/],methods=[GET || POST]}" onto public org.springframework.web.servlet.ModelAndView com.framework.webClient.controller.LedMenuController.ledmanage(javax.servlet.http.HttpSession)
2019-07-19 16:17:45,316 INFO (AbstractHandlerMethodMapping.java:543)- Mapped "{[/getSystemMenuTrees],methods=[GET]}" onto public java.util.Map<java.lang.String, java.lang.Object> com.framework.webClient.controller.LedMenuController.getSystemMenuTrees(javax.servlet.http.HttpSession)
2019-07-19 16:17:45,317 INFO (AbstractHandlerMethodMapping.java:543)- Mapped "{[/selectLedMsg0906Byledno],methods=[POST]}" onto public java.util.List<java.util.Map<java.lang.String, java.lang.Object>> com.framework.webClient.controller.LedMsgController.selectLedMsg0906Byledno(java.lang.String)
2019-07-19 16:17:45,318 INFO (AbstractHandlerMethodMapping.java:543)- Mapped "{[/selectLedSjzdByPzdbm],methods=[POST]}" onto public java.util.List<java.util.Map<java.lang.String, java.lang.Object>> com.framework.webClient.controller.LedSjzdController.selectLedSjzdByPzdbm(java.lang.String)
2019-07-19 16:17:45,318 INFO (AbstractHandlerMethodMapping.java:543)- Mapped "{[/selectLedSjzdByPzdbmList],methods=[POST]}" onto public java.util.Map<java.lang.String, java.lang.Object> com.framework.webClient.controller.LedSjzdController.selectLedSjzdByPzdbmList(java.util.Map<java.lang.String, java.lang.Object>)
2019-07-19 16:17:45,319 INFO (AbstractHandlerMethodMapping.java:543)- Mapped "{[/ledstate]}" onto public org.springframework.web.servlet.ModelAndView com.framework.webClient.controller.LedStateController.ledstate()
2019-07-19 16:17:45,319 INFO (AbstractHandlerMethodMapping.java:543)- Mapped "{[/selectLedStateInfo],methods=[POST]}" onto public java.util.List<java.util.Map<java.lang.String, java.lang.Object>> com.framework.webClient.controller.LedStateController.selectLedStateInfo(java.util.Map<java.lang.String, java.lang.Object>)
2019-07-19 16:17:45,319 INFO (AbstractHandlerMethodMapping.java:543)- Mapped "{[/exportledstate],methods=[GET]}" onto public void com.framework.webClient.controller.LedStateController.exportLedStateExcel(java.util.Map<java.lang.String, java.lang.Object>,javax.servlet.http.HttpServletResponse)
2019-07-19 16:17:45,320 INFO (AbstractHandlerMethodMapping.java:543)- Mapped "{[/ledstatemonitor]}" onto public org.springframework.web.servlet.ModelAndView com.framework.webClient.controller.LedStateMonitorController.ledstatemonitor()
2019-07-19 16:17:45,320 INFO (AbstractHandlerMethodMapping.java:543)- Mapped "{[/selectLedStateMonitor],methods=[POST]}" onto public java.util.Map<java.lang.String, java.lang.Object> com.framework.webClient.controller.LedStateMonitorController.selectLedStateMonitor(java.util.Map<java.lang.String, java.lang.Object>)
2019-07-19 16:17:45,321 INFO (AbstractHandlerMethodMapping.java:543)- Mapped "{[/ledtemplate],methods=[GET]}" onto public org.springframework.web.servlet.ModelAndView com.framework.webClient.controller.LedTemplateController.ledContentManage()
2019-07-19 16:17:45,322 INFO (AbstractHandlerMethodMapping.java:543)- Mapped "{[/saveMbinfo],methods=[POST]}" onto public java.util.Map<java.lang.String, java.lang.Object> com.framework.webClient.controller.LedTemplateController.saveMbinfo(java.util.Map<java.lang.String, java.lang.Object>,javax.servlet.http.HttpSession)
2019-07-19 16:17:45,322 INFO (AbstractHandlerMethodMapping.java:543)- Mapped "{[/uploadToFtp],methods=[POST]}" onto public java.util.Map<java.lang.String, java.lang.String> com.framework.webClient.controller.LedTemplateController.uploadImg(org.springframework.web.multipart.MultipartFile,javax.servlet.http.HttpServletRequest) throws java.io.IOException
2019-07-19 16:17:45,324 INFO (AbstractHandlerMethodMapping.java:543)- Mapped "{[/selectFpzpList],methods=[POST]}" onto public java.util.Map<java.lang.String, java.lang.Object> com.framework.webClient.controller.LedTemplateController.selectFpzpList(java.util.Map<java.lang.String, java.lang.Object>)
2019-07-19 16:17:45,324 INFO (AbstractHandlerMethodMapping.java:543)- Mapped "{[/selectQyszByMbidAndFqlx],methods=[POST]}" onto public java.util.Map<java.lang.String, java.lang.Object> com.framework.webClient.controller.LedTemplateController.selectQyszByMbidAndFqlx(java.util.Map<java.lang.String, java.lang.Object>)
2019-07-19 16:17:45,324 INFO (AbstractHandlerMethodMapping.java:543)- Mapped "{[/deleteLedTemplateById],methods=[POST]}" onto public java.util.Map<java.lang.String, java.lang.Object> com.framework.webClient.controller.LedTemplateController.deleteLedTemplateById(java.lang.String)
2019-07-19 16:17:45,325 INFO (AbstractHandlerMethodMapping.java:543)- Mapped "{[/selectTemplateList],methods=[POST]}" onto public java.util.List<java.util.Map<java.lang.String, java.lang.Object>> com.framework.webClient.controller.LedTemplateController.selectTemplateList()
2019-07-19 16:17:45,325 INFO (AbstractHandlerMethodMapping.java:543)- Mapped "{[/saveFpzpToLedTempRel],methods=[POST]}" onto public java.util.Map<java.lang.String, java.lang.Object> com.framework.webClient.controller.LedTemplateController.saveFpzpToLedTempRel(java.util.Map<java.lang.String, java.lang.Object>)
2019-07-19 16:17:45,325 INFO (AbstractHandlerMethodMapping.java:543)- Mapped "{[/selectLedTemplateByInfo],methods=[POST]}" onto public java.util.List<java.util.Map<java.lang.String, java.lang.Object>> com.framework.webClient.controller.LedTemplateController.selectLedTemplateByInfo(java.util.Map<java.lang.String, java.lang.Object>)
2019-07-19 16:17:45,326 INFO (AbstractHandlerMethodMapping.java:543)- Mapped "{[/ledtemplatetemp]}" onto public org.springframework.web.servlet.ModelAndView com.framework.webClient.controller.LedTemplateTempController.ledtemplatetemp()
2019-07-19 16:17:45,327 INFO (AbstractHandlerMethodMapping.java:543)- Mapped "{[/selectXfzpList],methods=[POST]}" onto public java.util.Map<java.lang.String, java.lang.Object> com.framework.webClient.controller.LedTemplateTempController.selectXfzpList(java.util.Map<java.lang.String, java.lang.Object>)
2019-07-19 16:17:45,327 INFO (AbstractHandlerMethodMapping.java:543)- Mapped "{[/saveMbTempinfo],methods=[POST]}" onto public java.util.Map<java.lang.String, java.lang.Object> com.framework.webClient.controller.LedTemplateTempController.saveMbTempinfo(java.util.Map<java.lang.String, java.lang.Object>,javax.servlet.http.HttpSession)
2019-07-19 16:17:45,328 INFO (AbstractHandlerMethodMapping.java:543)- Mapped "{[/selectLedTemplateTempByInfo],methods=[POST]}" onto public java.util.List<java.util.Map<java.lang.String, java.lang.Object>> com.framework.webClient.controller.LedTemplateTempController.selectLedTemplateTempByInfo(java.util.Map<java.lang.String, java.lang.Object>)
2019-07-19 16:17:45,328 INFO (AbstractHandlerMethodMapping.java:543)- Mapped "{[/selectGgszByMbidAndFqlx],methods=[POST]}" onto public java.util.Map<java.lang.String, java.lang.Object> com.framework.webClient.controller.LedTemplateTempController.selectGgszByMbidAndFqlx(java.util.Map<java.lang.String, java.lang.Object>)
2019-07-19 16:17:45,328 INFO (AbstractHandlerMethodMapping.java:543)- Mapped "{[/deleteLedTemplateTempById],methods=[POST]}" onto public java.util.Map<java.lang.String, java.lang.Object> com.framework.webClient.controller.LedTemplateTempController.deleteLedTemplateTempById(java.lang.String)
2019-07-19 16:17:45,329 INFO (AbstractHandlerMethodMapping.java:543)- Mapped "{[/saveFpzpToLedTempRelTemp],methods=[POST]}" onto public java.util.Map<java.lang.String, java.lang.Object> com.framework.webClient.controller.LedTemplateTempController.saveFpzpToLedTempRelTemp(java.util.Map<java.lang.String, java.lang.Object>)
2019-07-19 16:17:45,329 INFO (AbstractHandlerMethodMapping.java:543)- Mapped "{[/fbggLedTemplateTemp],methods=[POST]}" onto public java.util.Map<java.lang.String, java.lang.Object> com.framework.webClient.controller.LedTemplateTempController.fbggLedTemplateTemp(java.util.Map<java.lang.String, java.lang.Object>,javax.servlet.http.HttpSession)
2019-07-19 16:17:45,330 INFO (AbstractHandlerMethodMapping.java:543)- Mapped "{[/refreshData],methods=[GET]}" onto public void com.framework.webClient.controller.WebServiceController.refreshData()
2019-07-19 16:17:45,330 INFO (AbstractHandlerMethodMapping.java:543)- Mapped "{[/send0905],methods=[GET]}" onto public void com.framework.webClient.controller.WebServiceController.send0905(java.lang.String)
2019-07-19 16:17:45,330 INFO (AbstractHandlerMethodMapping.java:543)- Mapped "{[/sendLedLine],methods=[GET]}" onto public void com.framework.webClient.controller.WebServiceController.sendLedLine(java.lang.String)
2019-07-19 16:17:45,330 INFO (AbstractHandlerMethodMapping.java:543)- Mapped "{[/selectLedLineByLedNo]}" onto public java.lang.String com.framework.webClient.controller.WebServiceController.selectLedLineByLedNo(java.lang.String,java.lang.String) throws com.fasterxml.jackson.core.JsonGenerationException,com.fasterxml.jackson.databind.JsonMappingException,java.io.IOException
2019-07-19 16:17:45,330 INFO (AbstractHandlerMethodMapping.java:543)- Mapped "{[/selectLedResourcesByLedNo]}" onto public java.lang.String com.framework.webClient.controller.WebServiceController.selectLedResourcesByLedNo(java.lang.String,java.lang.String) throws com.fasterxml.jackson.core.JsonGenerationException,com.fasterxml.jackson.databind.JsonMappingException,java.io.IOException
2019-07-19 16:17:45,333 INFO (AbstractHandlerMethodMapping.java:543)- Mapped "{[/error]}" onto public org.springframework.http.ResponseEntity<java.util.Map<java.lang.String, java.lang.Object>> org.springframework.boot.autoconfigure.web.BasicErrorController.error(javax.servlet.http.HttpServletRequest)
2019-07-19 16:17:45,333 INFO (AbstractHandlerMethodMapping.java:543)- Mapped "{[/error],produces=[text/html]}" onto public org.springframework.web.servlet.ModelAndView org.springframework.boot.autoconfigure.web.BasicErrorController.errorHtml(javax.servlet.http.HttpServletRequest,javax.servlet.http.HttpServletResponse)
2019-07-19 16:17:45,411 INFO (AbstractUrlHandlerMapping.java:354)- Mapped URL path [/webjars/**] onto handler of type [class org.springframework.web.servlet.resource.ResourceHttpRequestHandler]
2019-07-19 16:17:45,412 INFO (AbstractUrlHandlerMapping.java:354)- Mapped URL path [/**] onto handler of type [class org.springframework.web.servlet.resource.ResourceHttpRequestHandler]
2019-07-19 16:17:45,478 INFO (AbstractUrlHandlerMapping.java:354)- Mapped URL path [/**/favicon.ico] onto handler of type [class org.springframework.web.servlet.resource.ResourceHttpRequestHandler]
2019-07-19 16:17:46,263 INFO (SLF4JLogger.java:71)- Cluster created with settings {hosts=[localhost:27017], mode=SINGLE, requiredClusterType=UNKNOWN, serverSelectionTimeout='30000 ms', maxWaitQueueSize=500}
2019-07-19 16:17:47,143 INFO (AbstractHandlerMethodMapping.java:543)- Mapped "{[/dump || /dump.json],methods=[GET],produces=[application/json]}" onto public java.lang.Object org.springframework.boot.actuate.endpoint.mvc.EndpointMvcAdapter.invoke()
2019-07-19 16:17:47,144 INFO (AbstractHandlerMethodMapping.java:543)- Mapped "{[/heapdump || /heapdump.json],methods=[GET],produces=[application/octet-stream]}" onto public void org.springframework.boot.actuate.endpoint.mvc.HeapdumpMvcEndpoint.invoke(boolean,javax.servlet.http.HttpServletRequest,javax.servlet.http.HttpServletResponse) throws java.io.IOException,javax.servlet.ServletException
2019-07-19 16:17:47,144 INFO (AbstractHandlerMethodMapping.java:543)- Mapped "{[/health || /health.json],produces=[application/json]}" onto public java.lang.Object org.springframework.boot.actuate.endpoint.mvc.HealthMvcEndpoint.invoke(java.security.Principal)
2019-07-19 16:17:47,145 INFO (AbstractHandlerMethodMapping.java:543)- Mapped "{[/autoconfig || /autoconfig.json],methods=[GET],produces=[application/json]}" onto public java.lang.Object org.springframework.boot.actuate.endpoint.mvc.EndpointMvcAdapter.invoke()
2019-07-19 16:17:47,148 INFO (AbstractHandlerMethodMapping.java:543)- Mapped "{[/env/{name:.*}],methods=[GET],produces=[application/json]}" onto public java.lang.Object org.springframework.boot.actuate.endpoint.mvc.EnvironmentMvcEndpoint.value(java.lang.String)
2019-07-19 16:17:47,148 INFO (AbstractHandlerMethodMapping.java:543)- Mapped "{[/env || /env.json],methods=[GET],produces=[application/json]}" onto public java.lang.Object org.springframework.boot.actuate.endpoint.mvc.EndpointMvcAdapter.invoke()
2019-07-19 16:17:47,149 INFO (AbstractHandlerMethodMapping.java:543)- Mapped "{[/mappings || /mappings.json],methods=[GET],produces=[application/json]}" onto public java.lang.Object org.springframework.boot.actuate.endpoint.mvc.EndpointMvcAdapter.invoke()
2019-07-19 16:17:47,150 INFO (AbstractHandlerMethodMapping.java:543)- Mapped "{[/beans || /beans.json],methods=[GET],produces=[application/json]}" onto public java.lang.Object org.springframework.boot.actuate.endpoint.mvc.EndpointMvcAdapter.invoke()
2019-07-19 16:17:47,150 INFO (AbstractHandlerMethodMapping.java:543)- Mapped "{[/info || /info.json],methods=[GET],produces=[application/json]}" onto public java.lang.Object org.springframework.boot.actuate.endpoint.mvc.EndpointMvcAdapter.invoke()
2019-07-19 16:17:47,150 INFO (AbstractHandlerMethodMapping.java:543)- Mapped "{[/configprops || /configprops.json],methods=[GET],produces=[application/json]}" onto public java.lang.Object org.springframework.boot.actuate.endpoint.mvc.EndpointMvcAdapter.invoke()
2019-07-19 16:17:47,151 INFO (AbstractHandlerMethodMapping.java:543)- Mapped "{[/trace || /trace.json],methods=[GET],produces=[application/json]}" onto public java.lang.Object org.springframework.boot.actuate.endpoint.mvc.EndpointMvcAdapter.invoke()
2019-07-19 16:17:47,152 INFO (AbstractHandlerMethodMapping.java:543)- Mapped "{[/metrics/{name:.*}],methods=[GET],produces=[application/json]}" onto public java.lang.Object org.springframework.boot.actuate.endpoint.mvc.MetricsMvcEndpoint.value(java.lang.String)
2019-07-19 16:17:47,152 INFO (AbstractHandlerMethodMapping.java:543)- Mapped "{[/metrics || /metrics.json],methods=[GET],produces=[application/json]}" onto public java.lang.Object org.springframework.boot.actuate.endpoint.mvc.EndpointMvcAdapter.invoke()
2019-07-19 16:17:47,339 INFO (SLF4JLogger.java:76)- Exception in monitor thread while connecting to server localhost:27017
com.mongodb.MongoSocketOpenException: Exception opening socket
	at com.mongodb.connection.SocketStream.open(SocketStream.java:63)
	at com.mongodb.connection.InternalStreamConnection.open(InternalStreamConnection.java:114)
	at com.mongodb.connection.DefaultServerMonitor$ServerMonitorRunnable.run(DefaultServerMonitor.java:128)
	at java.lang.Thread.run(Unknown Source)
Caused by: java.net.ConnectException: Connection refused: connect
	at java.net.DualStackPlainSocketImpl.waitForConnect(Native Method)
	at java.net.DualStackPlainSocketImpl.socketConnect(Unknown Source)
	at java.net.AbstractPlainSocketImpl.doConnect(Unknown Source)
	at java.net.AbstractPlainSocketImpl.connectToAddress(Unknown Source)
	at java.net.AbstractPlainSocketImpl.connect(Unknown Source)
	at java.net.PlainSocketImpl.connect(Unknown Source)
	at java.net.SocksSocketImpl.connect(Unknown Source)
	at java.net.Socket.connect(Unknown Source)
	at com.mongodb.connection.SocketStreamHelper.initialize(SocketStreamHelper.java:50)
	at com.mongodb.connection.SocketStream.open(SocketStream.java:58)
	... 3 common frames omitted
2019-07-19 16:17:47,571 INFO (OptionalLiveReloadServer.java:58)- LiveReload server is running on port 35729
2019-07-19 16:17:47,808 INFO (MBeanExporter.java:431)- Registering beans for JMX exposure on startup
2019-07-19 16:17:47,818 INFO (MBeanExporter.java:912)- Bean with name 'cachingConnectionFactory' has been autodetected for JMX exposure
2019-07-19 16:17:47,823 INFO (MBeanExporter.java:674)- Located managed bean 'cachingConnectionFactory': registering with JMX server as MBean [org.springframework.amqp.rabbit.connection:name=cachingConnectionFactory,type=CachingConnectionFactory]
2019-07-19 16:17:47,865 INFO (MBeanExporter.java:431)- Registering beans for JMX exposure on startup
2019-07-19 16:17:47,871 INFO (DefaultLifecycleProcessor.java:341)- Starting beans in phase -2147482648
2019-07-19 16:17:47,871 INFO (DefaultLifecycleProcessor.java:341)- Starting beans in phase 0
2019-07-19 16:17:47,879 INFO (MBeanExporter.java:674)- Located managed bean 'requestMappingEndpoint': registering with JMX server as MBean [org.springframework.boot:type=Endpoint,name=requestMappingEndpoint]
2019-07-19 16:17:47,886 INFO (MBeanExporter.java:674)- Located managed bean 'environmentEndpoint': registering with JMX server as MBean [org.springframework.boot:type=Endpoint,name=environmentEndpoint]
2019-07-19 16:17:47,889 INFO (MBeanExporter.java:674)- Located managed bean 'healthEndpoint': registering with JMX server as MBean [org.springframework.boot:type=Endpoint,name=healthEndpoint]
2019-07-19 16:17:47,891 INFO (MBeanExporter.java:674)- Located managed bean 'beansEndpoint': registering with JMX server as MBean [org.springframework.boot:type=Endpoint,name=beansEndpoint]
2019-07-19 16:17:47,894 INFO (MBeanExporter.java:674)- Located managed bean 'infoEndpoint': registering with JMX server as MBean [org.springframework.boot:type=Endpoint,name=infoEndpoint]
2019-07-19 16:17:47,896 INFO (MBeanExporter.java:674)- Located managed bean 'metricsEndpoint': registering with JMX server as MBean [org.springframework.boot:type=Endpoint,name=metricsEndpoint]
2019-07-19 16:17:47,903 INFO (MBeanExporter.java:674)- Located managed bean 'traceEndpoint': registering with JMX server as MBean [org.springframework.boot:type=Endpoint,name=traceEndpoint]
2019-07-19 16:17:47,906 INFO (MBeanExporter.java:674)- Located managed bean 'dumpEndpoint': registering with JMX server as MBean [org.springframework.boot:type=Endpoint,name=dumpEndpoint]
2019-07-19 16:17:47,908 INFO (MBeanExporter.java:674)- Located managed bean 'autoConfigurationReportEndpoint': registering with JMX server as MBean [org.springframework.boot:type=Endpoint,name=autoConfigurationReportEndpoint]
2019-07-19 16:17:47,911 INFO (MBeanExporter.java:674)- Located managed bean 'configurationPropertiesReportEndpoint': registering with JMX server as MBean [org.springframework.boot:type=Endpoint,name=configurationPropertiesReportEndpoint]
2019-07-19 16:17:47,912 INFO (DefaultLifecycleProcessor.java:341)- Starting beans in phase 2147483647
2019-07-19 16:17:47,961 INFO (AbstractConnectionFactory.java:301)- Created new connection: SimpleConnection@d771367 [delegate=amqp://guest@10.1.22.5:20002/, localPort= 50120]
2019-07-19 16:17:48,050 INFO (DirectJDKLog.java:179)- Initializing ProtocolHandler ["http-nio-8080"]
2019-07-19 16:17:48,074 INFO (DirectJDKLog.java:179)- Starting ProtocolHandler [http-nio-8080]
2019-07-19 16:17:48,124 INFO (DirectJDKLog.java:179)- Using a shared selector for servlet write/read
2019-07-19 16:17:48,163 INFO (TomcatEmbeddedServletContainer.java:185)- Tomcat started on port(s): 8080 (http)
2019-07-19 16:17:49,865 INFO (HeartMsgThread.java:59)- 心跳存储操作时间:1.802s 
2019-07-19 16:18:06,646 INFO (SpringApplicationAdminMXBeanRegistrar.java:125)- Application shutdown requested.
2019-07-19 16:18:06,646 INFO (AbstractApplicationContext.java:987)- Closing org.springframework.boot.context.embedded.AnnotationConfigEmbeddedWebApplicationContext@16514d0d: startup date [Fri Jul 19 16:17:38 CST 2019]; root of context hierarchy
2019-07-19 16:18:06,651 INFO (DefaultLifecycleProcessor.java:356)- Stopping beans in phase 2147483647
2019-07-19 16:18:06,660 INFO (SimpleMessageListenerContainer.java:873)- Waiting for workers to finish.
2019-07-19 16:18:07,032 INFO (SimpleMessageListenerContainer.java:876)- Successfully waited for workers to finish.
2019-07-19 16:18:07,088 INFO (SimpleMessageListenerContainer.java:873)- Waiting for workers to finish.
2019-07-19 16:18:07,417 INFO (SimpleMessageListenerContainer.java:876)- Successfully waited for workers to finish.
2019-07-19 16:18:07,418 INFO (DefaultLifecycleProcessor.java:356)- Stopping beans in phase 0
2019-07-19 16:18:07,418 INFO (DefaultLifecycleProcessor.java:356)- Stopping beans in phase -2147482648
2019-07-19 16:18:07,422 INFO (MBeanExporter.java:449)- Unregistering JMX-exposed beans on shutdown
2019-07-19 16:18:07,426 INFO (MBeanRegistrationSupport.java:241)- Unregistering JMX-exposed beans
2019-07-19 16:18:07,426 INFO (MBeanExporter.java:449)- Unregistering JMX-exposed beans on shutdown
2019-07-19 16:18:07,427 INFO (MBeanRegistrationSupport.java:241)- Unregistering JMX-exposed beans
2019-07-19 16:31:52,238 INFO (StartupInfoLogger.java:48)- Starting Application on maogeer-PC with PID 6176 (E:\myspace8\service-web-led\target\classes started by maogeer in E:\myspace8\service-web-led)
2019-07-19 16:31:52,239 INFO (SpringApplication.java:661)- No active profile set, falling back to default profiles: default
2019-07-19 16:31:52,404 INFO (AbstractApplicationContext.java:582)- Refreshing org.springframework.boot.context.embedded.AnnotationConfigEmbeddedWebApplicationContext@c69659b: startup date [Fri Jul 19 16:31:52 CST 2019]; root of context hierarchy
2019-07-19 16:31:52,405 INFO (Version.java:30)- HV000001: Hibernate Validator 5.2.4.Final
2019-07-19 16:31:54,128 WARN (ClassPathMapperScanner.java:167)- No MyBatis mapper was found in '[com.framework.dao]' package. Please check your configuration.
2019-07-19 16:31:54,435 INFO (RepositoryConfigurationDelegate.java:170)- Multiple Spring Data modules found, entering strict repository configuration mode!
2019-07-19 16:31:54,722 INFO (RepositoryConfigurationDelegate.java:170)- Multiple Spring Data modules found, entering strict repository configuration mode!
2019-07-19 16:31:55,226 INFO (PostProcessorRegistrationDelegate.java:325)- Bean 'org.springframework.amqp.rabbit.annotation.RabbitBootstrapConfiguration' of type [class org.springframework.amqp.rabbit.annotation.RabbitBootstrapConfiguration$$EnhancerBySpringCGLIB$$b0f7ae7c] is not eligible for getting processed by all BeanPostProcessors (for example: not eligible for auto-proxying)
2019-07-19 16:31:55,254 INFO (PostProcessorRegistrationDelegate.java:325)- Bean 'org.springframework.cache.annotation.ProxyCachingConfiguration' of type [class org.springframework.cache.annotation.ProxyCachingConfiguration$$EnhancerBySpringCGLIB$$339e266c] is not eligible for getting processed by all BeanPostProcessors (for example: not eligible for auto-proxying)
2019-07-19 16:31:55,261 INFO (PostProcessorRegistrationDelegate.java:325)- Bean 'org.springframework.transaction.annotation.ProxyTransactionManagementConfiguration' of type [class org.springframework.transaction.annotation.ProxyTransactionManagementConfiguration$$EnhancerBySpringCGLIB$$ea8bf04e] is not eligible for getting processed by all BeanPostProcessors (for example: not eligible for auto-proxying)
2019-07-19 16:31:55,295 INFO (PostProcessorRegistrationDelegate.java:325)- Bean 'org.springframework.boot.autoconfigure.cache.CacheAutoConfiguration' of type [class org.springframework.boot.autoconfigure.cache.CacheAutoConfiguration$$EnhancerBySpringCGLIB$$2811eb10] is not eligible for getting processed by all BeanPostProcessors (for example: not eligible for auto-proxying)
2019-07-19 16:31:55,375 INFO (PostProcessorRegistrationDelegate.java:325)- Bean 'spring.cache-org.springframework.boot.autoconfigure.cache.CacheProperties' of type [class org.springframework.boot.autoconfigure.cache.CacheProperties] is not eligible for getting processed by all BeanPostProcessors (for example: not eligible for auto-proxying)
2019-07-19 16:31:55,383 INFO (PostProcessorRegistrationDelegate.java:325)- Bean 'org.springframework.boot.autoconfigure.cache.CacheManagerCustomizers' of type [class org.springframework.boot.autoconfigure.cache.CacheManagerCustomizers] is not eligible for getting processed by all BeanPostProcessors (for example: not eligible for auto-proxying)
2019-07-19 16:31:55,388 INFO (PostProcessorRegistrationDelegate.java:325)- Bean 'org.springframework.boot.autoconfigure.cache.RedisCacheConfiguration' of type [class org.springframework.boot.autoconfigure.cache.RedisCacheConfiguration$$EnhancerBySpringCGLIB$$d8a3876a] is not eligible for getting processed by all BeanPostProcessors (for example: not eligible for auto-proxying)
2019-07-19 16:31:55,396 INFO (PostProcessorRegistrationDelegate.java:325)- Bean 'org.springframework.boot.autoconfigure.data.redis.RedisAutoConfiguration$RedisConfiguration' of type [class org.springframework.boot.autoconfigure.data.redis.RedisAutoConfiguration$RedisConfiguration$$EnhancerBySpringCGLIB$$302e75db] is not eligible for getting processed by all BeanPostProcessors (for example: not eligible for auto-proxying)
2019-07-19 16:31:55,408 INFO (PostProcessorRegistrationDelegate.java:325)- Bean 'spring.redis-org.springframework.boot.autoconfigure.data.redis.RedisProperties' of type [class org.springframework.boot.autoconfigure.data.redis.RedisProperties] is not eligible for getting processed by all BeanPostProcessors (for example: not eligible for auto-proxying)
2019-07-19 16:31:55,414 INFO (PostProcessorRegistrationDelegate.java:325)- Bean 'org.springframework.boot.autoconfigure.data.redis.RedisAutoConfiguration$RedisConnectionConfiguration' of type [class org.springframework.boot.autoconfigure.data.redis.RedisAutoConfiguration$RedisConnectionConfiguration$$EnhancerBySpringCGLIB$$7e86175d] is not eligible for getting processed by all BeanPostProcessors (for example: not eligible for auto-proxying)
2019-07-19 16:31:55,437 INFO (PostProcessorRegistrationDelegate.java:325)- Bean 'redisConnectionFactory' of type [class org.springframework.data.redis.connection.jedis.JedisConnectionFactory] is not eligible for getting processed by all BeanPostProcessors (for example: not eligible for auto-proxying)
2019-07-19 16:31:55,458 INFO (PostProcessorRegistrationDelegate.java:325)- Bean 'redisTemplate' of type [class org.springframework.data.redis.core.RedisTemplate] is not eligible for getting processed by all BeanPostProcessors (for example: not eligible for auto-proxying)
2019-07-19 16:31:55,469 INFO (PostProcessorRegistrationDelegate.java:325)- Bean 'cacheManager' of type [class org.springframework.data.redis.cache.RedisCacheManager] is not eligible for getting processed by all BeanPostProcessors (for example: not eligible for auto-proxying)
2019-07-19 16:31:55,470 INFO (PostProcessorRegistrationDelegate.java:325)- Bean 'cacheAutoConfigurationValidator' of type [class org.springframework.boot.autoconfigure.cache.CacheAutoConfiguration$CacheManagerValidator] is not eligible for getting processed by all BeanPostProcessors (for example: not eligible for auto-proxying)
2019-07-19 16:31:55,741 INFO (TomcatEmbeddedServletContainer.java:87)- Tomcat initialized with port(s): 8080 (http)
2019-07-19 16:31:55,748 INFO (DirectJDKLog.java:179)- Starting service Tomcat
2019-07-19 16:31:55,749 INFO (DirectJDKLog.java:179)- Starting Servlet Engine: Apache Tomcat/8.5.6
2019-07-19 16:31:55,803 INFO (DirectJDKLog.java:179)- Initializing Spring embedded WebApplicationContext
2019-07-19 16:31:55,804 INFO (EmbeddedWebApplicationContext.java:276)- Root WebApplicationContext: initialization completed in 3401 ms
2019-07-19 16:31:56,049 INFO (AbstractFilterRegistrationBean.java:258)- Mapping filter: 'metricsFilter' to: [/*]
2019-07-19 16:31:56,050 INFO (AbstractFilterRegistrationBean.java:258)- Mapping filter: 'characterEncodingFilter' to: [/*]
2019-07-19 16:31:56,050 INFO (AbstractFilterRegistrationBean.java:258)- Mapping filter: 'hiddenHttpMethodFilter' to: [/*]
2019-07-19 16:31:56,050 INFO (AbstractFilterRegistrationBean.java:258)- Mapping filter: 'httpPutFormContentFilter' to: [/*]
2019-07-19 16:31:56,051 INFO (AbstractFilterRegistrationBean.java:258)- Mapping filter: 'requestContextFilter' to: [/*]
2019-07-19 16:31:56,051 INFO (AbstractFilterRegistrationBean.java:271)- Mapping filter: 'SSOAuth' to urls: [/*, /logout]
2019-07-19 16:31:56,051 INFO (AbstractFilterRegistrationBean.java:258)- Mapping filter: 'webRequestLoggingFilter' to: [/*]
2019-07-19 16:31:56,051 INFO (AbstractFilterRegistrationBean.java:258)- Mapping filter: 'applicationContextIdFilter' to: [/*]
2019-07-19 16:31:56,051 INFO (ServletRegistrationBean.java:190)- Mapping servlet: 'dispatcherServlet' to [/]
2019-07-19 16:31:56,086 INFO (LedMsgProcessService.java:99)- ----------LedMsgProcessService Initializing ----------------
2019-07-19 16:31:56,092 INFO (MsgEncoder.java:38)- ----------MsgEncoder Initializing ----------------
2019-07-19 16:31:56,095 INFO (BitOperator.java:14)- ----------BitOperator Initializing ----------------
2019-07-19 16:31:56,102 INFO (BCDOperater.java:12)- ----------BCDOperater Initializing ----------------
2019-07-19 16:31:56,551 INFO (LedDownSender.java:53)- ----------LedDownSender Initializing ----------------
2019-07-19 16:31:57,110 ERROR (RedisPool.java:100)- init param error!
java.lang.NumberFormatException: null
	at java.lang.Integer.parseInt(Integer.java:542)
	at java.lang.Integer.parseInt(Integer.java:615)
	at com.framework.redis.RedisPool.initParam(RedisPool.java:68)
	at com.framework.redis.RedisPool$$EnhancerBySpringCGLIB$$5d6f4ada.CGLIB$initParam$0(<generated>)
	at com.framework.redis.RedisPool$$EnhancerBySpringCGLIB$$5d6f4ada$$FastClassBySpringCGLIB$$c6f3c23b.invoke(<generated>)
	at org.springframework.cglib.proxy.MethodProxy.invokeSuper(MethodProxy.java:228)
	at org.springframework.context.annotation.ConfigurationClassEnhancer$BeanMethodInterceptor.intercept(ConfigurationClassEnhancer.java:356)
	at com.framework.redis.RedisPool$$EnhancerBySpringCGLIB$$5d6f4ada.initParam(<generated>)
	at sun.reflect.NativeMethodAccessorImpl.invoke0(Native Method)
	at sun.reflect.NativeMethodAccessorImpl.invoke(NativeMethodAccessorImpl.java:62)
	at sun.reflect.DelegatingMethodAccessorImpl.invoke(DelegatingMethodAccessorImpl.java:43)
	at java.lang.reflect.Method.invoke(Method.java:498)
	at org.springframework.beans.factory.support.SimpleInstantiationStrategy.instantiate(SimpleInstantiationStrategy.java:162)
	at org.springframework.beans.factory.support.ConstructorResolver.instantiateUsingFactoryMethod(ConstructorResolver.java:588)
	at org.springframework.beans.factory.support.AbstractAutowireCapableBeanFactory.instantiateUsingFactoryMethod(AbstractAutowireCapableBeanFactory.java:1128)
	at org.springframework.beans.factory.support.AbstractAutowireCapableBeanFactory.createBeanInstance(AbstractAutowireCapableBeanFactory.java:1022)
	at org.springframework.beans.factory.support.AbstractAutowireCapableBeanFactory.doCreateBean(AbstractAutowireCapableBeanFactory.java:512)
	at org.springframework.beans.factory.support.AbstractAutowireCapableBeanFactory.createBean(AbstractAutowireCapableBeanFactory.java:482)
	at org.springframework.beans.factory.support.AbstractBeanFactory$1.getObject(AbstractBeanFactory.java:306)
	at org.springframework.beans.factory.support.DefaultSingletonBeanRegistry.getSingleton(DefaultSingletonBeanRegistry.java:230)
	at org.springframework.beans.factory.support.AbstractBeanFactory.doGetBean(AbstractBeanFactory.java:302)
	at org.springframework.beans.factory.support.AbstractBeanFactory.getBean(AbstractBeanFactory.java:197)
	at org.springframework.beans.factory.support.DefaultListableBeanFactory.preInstantiateSingletons(DefaultListableBeanFactory.java:754)
	at org.springframework.context.support.AbstractApplicationContext.finishBeanFactoryInitialization(AbstractApplicationContext.java:866)
	at org.springframework.context.support.AbstractApplicationContext.refresh(AbstractApplicationContext.java:542)
	at org.springframework.boot.context.embedded.EmbeddedWebApplicationContext.refresh(EmbeddedWebApplicationContext.java:122)
	at org.springframework.boot.SpringApplication.refresh(SpringApplication.java:761)
	at org.springframework.boot.SpringApplication.refreshContext(SpringApplication.java:371)
	at org.springframework.boot.SpringApplication.run(SpringApplication.java:315)
	at org.springframework.boot.builder.SpringApplicationBuilder.run(SpringApplicationBuilder.java:134)
	at com.framework.Application.main(Application.java:25)
	at sun.reflect.NativeMethodAccessorImpl.invoke0(Native Method)
	at sun.reflect.NativeMethodAccessorImpl.invoke(NativeMethodAccessorImpl.java:62)
	at sun.reflect.DelegatingMethodAccessorImpl.invoke(DelegatingMethodAccessorImpl.java:43)
	at java.lang.reflect.Method.invoke(Method.java:498)
	at org.springframework.boot.devtools.restart.RestartLauncher.run(RestartLauncher.java:49)
2019-07-19 16:31:57,435 INFO (RequestMappingHandlerAdapter.java:534)- Looking for @ControllerAdvice: org.springframework.boot.context.embedded.AnnotationConfigEmbeddedWebApplicationContext@c69659b: startup date [Fri Jul 19 16:31:52 CST 2019]; root of context hierarchy
2019-07-19 16:31:57,485 INFO (AbstractHandlerMethodMapping.java:543)- Mapped "{[/selectZdxx],methods=[POST]}" onto public java.util.List<java.util.Map<java.lang.String, java.lang.Object>> com.framework.webClient.controller.CommonController.selectZdxx(java.util.Map<java.lang.String, java.lang.Object>)
2019-07-19 16:31:57,486 INFO (AbstractHandlerMethodMapping.java:543)- Mapped "{[/selectXlxx],methods=[POST]}" onto public java.util.List<java.util.Map<java.lang.String, java.lang.Object>> com.framework.webClient.controller.CommonController.selectXlxx(java.util.Map<java.lang.String, java.lang.Object>)
2019-07-19 16:31:57,489 INFO (AbstractHandlerMethodMapping.java:543)- Mapped "{[/selectLedCsszbByMbinfo],methods=[POST]}" onto public java.util.List<com.framework.webClient.entity.LedCsszb> com.framework.webClient.controller.LedCsszbController.selectLedCsszbByMbinfo(java.util.Map<java.lang.String, java.lang.Object>)
2019-07-19 16:31:57,490 INFO (AbstractHandlerMethodMapping.java:543)- Mapped "{[/deleteLedCsszbById],methods=[POST]}" onto public int com.framework.webClient.controller.LedCsszbController.deleteLedCsszbById(java.lang.String)
2019-07-19 16:31:57,491 INFO (AbstractHandlerMethodMapping.java:543)- Mapped "{[/updateLedCsszbById],methods=[POST]}" onto public java.util.Map<java.lang.String, java.lang.Object> com.framework.webClient.controller.LedCsszbController.updateLedCsszbById(com.framework.webClient.entity.LedCsszb,javax.servlet.http.HttpSession)
2019-07-19 16:31:57,491 INFO (AbstractHandlerMethodMapping.java:543)- Mapped "{[/LedCsszb],methods=[GET]}" onto public org.springframework.web.servlet.ModelAndView com.framework.webClient.controller.LedCsszbController.ledContentManage()
2019-07-19 16:31:57,491 INFO (AbstractHandlerMethodMapping.java:543)- Mapped "{[/insertLedCsszb],methods=[POST]}" onto public java.util.Map<java.lang.String, java.lang.Object> com.framework.webClient.controller.LedCsszbController.insertLedCsszb(com.framework.webClient.entity.LedCsszb,javax.servlet.http.HttpSession)
2019-07-19 16:31:57,492 INFO (AbstractHandlerMethodMapping.java:543)- Mapped "{[/selectCsmbCombox],methods=[POST]}" onto public java.util.List<java.util.Map<java.lang.String, java.lang.Object>> com.framework.webClient.controller.LedCsszbController.selectCsmbCombox()
2019-07-19 16:31:57,492 INFO (AbstractHandlerMethodMapping.java:543)- Mapped "{[/selectSystemPara],methods=[POST]}" onto public java.util.Map<java.lang.String, java.lang.Object> com.framework.webClient.controller.LedCsszbController.selectSystemPara()
2019-07-19 16:31:57,492 INFO (AbstractHandlerMethodMapping.java:543)- Mapped "{[/updateSystemPara],methods=[POST]}" onto public java.util.Map<java.lang.String, java.lang.Object> com.framework.webClient.controller.LedCsszbController.updateSystemPara(java.util.Map<java.lang.String, java.lang.Object>)
2019-07-19 16:31:57,496 INFO (AbstractHandlerMethodMapping.java:543)- Mapped "{[/selectLedParaInfo],methods=[POST]}" onto public java.util.Map<java.lang.String, java.lang.Object> com.framework.webClient.controller.LedListController.selectLedParaInfo(java.util.Map<java.lang.String, java.lang.Object>)
2019-07-19 16:31:57,496 INFO (AbstractHandlerMethodMapping.java:543)- Mapped "{[/saveOrSaveSendLedPara],methods=[POST]}" onto public java.util.Map<java.lang.String, java.lang.Object> com.framework.webClient.controller.LedListController.saveOrSaveSendLedPara(java.util.Map<java.lang.String, java.lang.Object>)
2019-07-19 16:31:57,497 INFO (AbstractHandlerMethodMapping.java:543)- Mapped "{[/selectLedList],methods=[POST]}" onto public java.util.List<java.util.Map<java.lang.String, java.lang.Object>> com.framework.webClient.controller.LedListController.selectLedList(java.util.Map<java.lang.String, java.lang.Object>)
2019-07-19 16:31:57,497 INFO (AbstractHandlerMethodMapping.java:543)- Mapped "{[/ledlist],methods=[GET]}" onto public org.springframework.web.servlet.ModelAndView com.framework.webClient.controller.LedListController.ledList()
2019-07-19 16:31:57,498 INFO (AbstractHandlerMethodMapping.java:543)- Mapped "{[/ledlistadd],methods=[GET]}" onto public org.springframework.web.servlet.ModelAndView com.framework.webClient.controller.LedListController.ledListAdd()
2019-07-19 16:31:57,498 INFO (AbstractHandlerMethodMapping.java:543)- Mapped "{[/selectLedListAdd],methods=[POST]}" onto public java.util.List<java.util.Map<java.lang.String, java.lang.Object>> com.framework.webClient.controller.LedListController.selectLedListAdd(java.util.Map<java.lang.String, java.lang.Object>)
2019-07-19 16:31:57,499 INFO (AbstractHandlerMethodMapping.java:543)- Mapped "{[/saveLedList],methods=[POST]}" onto public java.util.Map<java.lang.String, java.lang.Object> com.framework.webClient.controller.LedListController.saveLedList(java.util.Map<java.lang.String, java.lang.Object>,javax.servlet.http.HttpSession)
2019-07-19 16:31:57,499 INFO (AbstractHandlerMethodMapping.java:543)- Mapped "{[/delLedList],methods=[POST]}" onto public java.util.Map<java.lang.String, java.lang.Object> com.framework.webClient.controller.LedListController.delLedList(java.util.Map<java.lang.String, java.lang.Object>)
2019-07-19 16:31:57,500 INFO (AbstractHandlerMethodMapping.java:543)- Mapped "{[/importLedExcel],methods=[POST]}" onto public java.util.Map<java.lang.String, java.lang.Object> com.framework.webClient.controller.LedListController.importLedExcel(javax.servlet.http.HttpServletRequest,org.springframework.web.multipart.MultipartFile,javax.servlet.http.HttpSession)
2019-07-19 16:31:57,500 INFO (AbstractHandlerMethodMapping.java:543)- Mapped "{[/downErrorFile]}" onto public org.springframework.http.ResponseEntity<org.springframework.core.io.FileSystemResource> com.framework.webClient.controller.LedListController.downErrorFile(javax.servlet.http.HttpServletRequest) throws java.lang.Exception
2019-07-19 16:31:57,501 INFO (AbstractHandlerMethodMapping.java:543)- Mapped "{[/getSystemMenuTrees],methods=[GET]}" onto public java.util.Map<java.lang.String, java.lang.Object> com.framework.webClient.controller.LedMenuController.getSystemMenuTrees(javax.servlet.http.HttpSession)
2019-07-19 16:31:57,502 INFO (AbstractHandlerMethodMapping.java:543)- Mapped "{[/],methods=[GET || POST]}" onto public org.springframework.web.servlet.ModelAndView com.framework.webClient.controller.LedMenuController.ledmanage(javax.servlet.http.HttpSession)
2019-07-19 16:31:57,503 INFO (AbstractHandlerMethodMapping.java:543)- Mapped "{[/selectLedMsg0906Byledno],methods=[POST]}" onto public java.util.List<java.util.Map<java.lang.String, java.lang.Object>> com.framework.webClient.controller.LedMsgController.selectLedMsg0906Byledno(java.lang.String)
2019-07-19 16:31:57,504 INFO (AbstractHandlerMethodMapping.java:543)- Mapped "{[/selectLedSjzdByPzdbm],methods=[POST]}" onto public java.util.List<java.util.Map<java.lang.String, java.lang.Object>> com.framework.webClient.controller.LedSjzdController.selectLedSjzdByPzdbm(java.lang.String)
2019-07-19 16:31:57,504 INFO (AbstractHandlerMethodMapping.java:543)- Mapped "{[/selectLedSjzdByPzdbmList],methods=[POST]}" onto public java.util.Map<java.lang.String, java.lang.Object> com.framework.webClient.controller.LedSjzdController.selectLedSjzdByPzdbmList(java.util.Map<java.lang.String, java.lang.Object>)
2019-07-19 16:31:57,505 INFO (AbstractHandlerMethodMapping.java:543)- Mapped "{[/selectLedStateInfo],methods=[POST]}" onto public java.util.List<java.util.Map<java.lang.String, java.lang.Object>> com.framework.webClient.controller.LedStateController.selectLedStateInfo(java.util.Map<java.lang.String, java.lang.Object>)
2019-07-19 16:31:57,506 INFO (AbstractHandlerMethodMapping.java:543)- Mapped "{[/exportledstate],methods=[GET]}" onto public void com.framework.webClient.controller.LedStateController.exportLedStateExcel(java.util.Map<java.lang.String, java.lang.Object>,javax.servlet.http.HttpServletResponse)
2019-07-19 16:31:57,506 INFO (AbstractHandlerMethodMapping.java:543)- Mapped "{[/ledstate]}" onto public org.springframework.web.servlet.ModelAndView com.framework.webClient.controller.LedStateController.ledstate()
2019-07-19 16:31:57,507 INFO (AbstractHandlerMethodMapping.java:543)- Mapped "{[/selectLedStateMonitor],methods=[POST]}" onto public java.util.Map<java.lang.String, java.lang.Object> com.framework.webClient.controller.LedStateMonitorController.selectLedStateMonitor(java.util.Map<java.lang.String, java.lang.Object>)
2019-07-19 16:31:57,507 INFO (AbstractHandlerMethodMapping.java:543)- Mapped "{[/ledstatemonitor]}" onto public org.springframework.web.servlet.ModelAndView com.framework.webClient.controller.LedStateMonitorController.ledstatemonitor()
2019-07-19 16:31:57,510 INFO (AbstractHandlerMethodMapping.java:543)- Mapped "{[/selectLedTemplateByInfo],methods=[POST]}" onto public java.util.List<java.util.Map<java.lang.String, java.lang.Object>> com.framework.webClient.controller.LedTemplateController.selectLedTemplateByInfo(java.util.Map<java.lang.String, java.lang.Object>)
2019-07-19 16:31:57,510 INFO (AbstractHandlerMethodMapping.java:543)- Mapped "{[/selectQyszByMbidAndFqlx],methods=[POST]}" onto public java.util.Map<java.lang.String, java.lang.Object> com.framework.webClient.controller.LedTemplateController.selectQyszByMbidAndFqlx(java.util.Map<java.lang.String, java.lang.Object>)
2019-07-19 16:31:57,511 INFO (AbstractHandlerMethodMapping.java:543)- Mapped "{[/deleteLedTemplateById],methods=[POST]}" onto public java.util.Map<java.lang.String, java.lang.Object> com.framework.webClient.controller.LedTemplateController.deleteLedTemplateById(java.lang.String)
2019-07-19 16:31:57,511 INFO (AbstractHandlerMethodMapping.java:543)- Mapped "{[/selectTemplateList],methods=[POST]}" onto public java.util.List<java.util.Map<java.lang.String, java.lang.Object>> com.framework.webClient.controller.LedTemplateController.selectTemplateList()
2019-07-19 16:31:57,512 INFO (AbstractHandlerMethodMapping.java:543)- Mapped "{[/saveFpzpToLedTempRel],methods=[POST]}" onto public java.util.Map<java.lang.String, java.lang.Object> com.framework.webClient.controller.LedTemplateController.saveFpzpToLedTempRel(java.util.Map<java.lang.String, java.lang.Object>)
2019-07-19 16:31:57,512 INFO (AbstractHandlerMethodMapping.java:543)- Mapped "{[/ledtemplate],methods=[GET]}" onto public org.springframework.web.servlet.ModelAndView com.framework.webClient.controller.LedTemplateController.ledContentManage()
2019-07-19 16:31:57,512 INFO (AbstractHandlerMethodMapping.java:543)- Mapped "{[/saveMbinfo],methods=[POST]}" onto public java.util.Map<java.lang.String, java.lang.Object> com.framework.webClient.controller.LedTemplateController.saveMbinfo(java.util.Map<java.lang.String, java.lang.Object>,javax.servlet.http.HttpSession)
2019-07-19 16:31:57,513 INFO (AbstractHandlerMethodMapping.java:543)- Mapped "{[/uploadToFtp],methods=[POST]}" onto public java.util.Map<java.lang.String, java.lang.String> com.framework.webClient.controller.LedTemplateController.uploadImg(org.springframework.web.multipart.MultipartFile,javax.servlet.http.HttpServletRequest) throws java.io.IOException
2019-07-19 16:31:57,513 INFO (AbstractHandlerMethodMapping.java:543)- Mapped "{[/selectFpzpList],methods=[POST]}" onto public java.util.Map<java.lang.String, java.lang.Object> com.framework.webClient.controller.LedTemplateController.selectFpzpList(java.util.Map<java.lang.String, java.lang.Object>)
2019-07-19 16:31:57,515 INFO (AbstractHandlerMethodMapping.java:543)- Mapped "{[/selectLedTemplateTempByInfo],methods=[POST]}" onto public java.util.List<java.util.Map<java.lang.String, java.lang.Object>> com.framework.webClient.controller.LedTemplateTempController.selectLedTemplateTempByInfo(java.util.Map<java.lang.String, java.lang.Object>)
2019-07-19 16:31:57,516 INFO (AbstractHandlerMethodMapping.java:543)- Mapped "{[/selectGgszByMbidAndFqlx],methods=[POST]}" onto public java.util.Map<java.lang.String, java.lang.Object> com.framework.webClient.controller.LedTemplateTempController.selectGgszByMbidAndFqlx(java.util.Map<java.lang.String, java.lang.Object>)
2019-07-19 16:31:57,516 INFO (AbstractHandlerMethodMapping.java:543)- Mapped "{[/deleteLedTemplateTempById],methods=[POST]}" onto public java.util.Map<java.lang.String, java.lang.Object> com.framework.webClient.controller.LedTemplateTempController.deleteLedTemplateTempById(java.lang.String)
2019-07-19 16:31:57,516 INFO (AbstractHandlerMethodMapping.java:543)- Mapped "{[/saveFpzpToLedTempRelTemp],methods=[POST]}" onto public java.util.Map<java.lang.String, java.lang.Object> com.framework.webClient.controller.LedTemplateTempController.saveFpzpToLedTempRelTemp(java.util.Map<java.lang.String, java.lang.Object>)
2019-07-19 16:31:57,517 INFO (AbstractHandlerMethodMapping.java:543)- Mapped "{[/fbggLedTemplateTemp],methods=[POST]}" onto public java.util.Map<java.lang.String, java.lang.Object> com.framework.webClient.controller.LedTemplateTempController.fbggLedTemplateTemp(java.util.Map<java.lang.String, java.lang.Object>,javax.servlet.http.HttpSession)
2019-07-19 16:31:57,517 INFO (AbstractHandlerMethodMapping.java:543)- Mapped "{[/ledtemplatetemp]}" onto public org.springframework.web.servlet.ModelAndView com.framework.webClient.controller.LedTemplateTempController.ledtemplatetemp()
2019-07-19 16:31:57,517 INFO (AbstractHandlerMethodMapping.java:543)- Mapped "{[/selectXfzpList],methods=[POST]}" onto public java.util.Map<java.lang.String, java.lang.Object> com.framework.webClient.controller.LedTemplateTempController.selectXfzpList(java.util.Map<java.lang.String, java.lang.Object>)
2019-07-19 16:31:57,517 INFO (AbstractHandlerMethodMapping.java:543)- Mapped "{[/saveMbTempinfo],methods=[POST]}" onto public java.util.Map<java.lang.String, java.lang.Object> com.framework.webClient.controller.LedTemplateTempController.saveMbTempinfo(java.util.Map<java.lang.String, java.lang.Object>,javax.servlet.http.HttpSession)
2019-07-19 16:31:57,519 INFO (AbstractHandlerMethodMapping.java:543)- Mapped "{[/selectLedLineByLedNo]}" onto public java.lang.String com.framework.webClient.controller.WebServiceController.selectLedLineByLedNo(java.lang.String,java.lang.String) throws com.fasterxml.jackson.core.JsonGenerationException,com.fasterxml.jackson.databind.JsonMappingException,java.io.IOException
2019-07-19 16:31:57,519 INFO (AbstractHandlerMethodMapping.java:543)- Mapped "{[/selectLedResourcesByLedNo]}" onto public java.lang.String com.framework.webClient.controller.WebServiceController.selectLedResourcesByLedNo(java.lang.String,java.lang.String) throws com.fasterxml.jackson.core.JsonGenerationException,com.fasterxml.jackson.databind.JsonMappingException,java.io.IOException
2019-07-19 16:31:57,519 INFO (AbstractHandlerMethodMapping.java:543)- Mapped "{[/sendLedLine],methods=[GET]}" onto public void com.framework.webClient.controller.WebServiceController.sendLedLine(java.lang.String)
2019-07-19 16:31:57,520 INFO (AbstractHandlerMethodMapping.java:543)- Mapped "{[/refreshData],methods=[GET]}" onto public void com.framework.webClient.controller.WebServiceController.refreshData()
2019-07-19 16:31:57,520 INFO (AbstractHandlerMethodMapping.java:543)- Mapped "{[/send0905],methods=[GET]}" onto public void com.framework.webClient.controller.WebServiceController.send0905(java.lang.String)
2019-07-19 16:31:57,523 INFO (AbstractHandlerMethodMapping.java:543)- Mapped "{[/error]}" onto public org.springframework.http.ResponseEntity<java.util.Map<java.lang.String, java.lang.Object>> org.springframework.boot.autoconfigure.web.BasicErrorController.error(javax.servlet.http.HttpServletRequest)
2019-07-19 16:31:57,524 INFO (AbstractHandlerMethodMapping.java:543)- Mapped "{[/error],produces=[text/html]}" onto public org.springframework.web.servlet.ModelAndView org.springframework.boot.autoconfigure.web.BasicErrorController.errorHtml(javax.servlet.http.HttpServletRequest,javax.servlet.http.HttpServletResponse)
2019-07-19 16:31:57,569 INFO (AbstractUrlHandlerMapping.java:354)- Mapped URL path [/webjars/**] onto handler of type [class org.springframework.web.servlet.resource.ResourceHttpRequestHandler]
2019-07-19 16:31:57,569 INFO (AbstractUrlHandlerMapping.java:354)- Mapped URL path [/**] onto handler of type [class org.springframework.web.servlet.resource.ResourceHttpRequestHandler]
2019-07-19 16:31:57,627 INFO (AbstractUrlHandlerMapping.java:354)- Mapped URL path [/**/favicon.ico] onto handler of type [class org.springframework.web.servlet.resource.ResourceHttpRequestHandler]
2019-07-19 16:31:58,428 INFO (SLF4JLogger.java:71)- Cluster created with settings {hosts=[localhost:27017], mode=SINGLE, requiredClusterType=UNKNOWN, serverSelectionTimeout='30000 ms', maxWaitQueueSize=500}
2019-07-19 16:31:59,013 INFO (AbstractHandlerMethodMapping.java:543)- Mapped "{[/health || /health.json],produces=[application/json]}" onto public java.lang.Object org.springframework.boot.actuate.endpoint.mvc.HealthMvcEndpoint.invoke(java.security.Principal)
2019-07-19 16:31:59,014 INFO (AbstractHandlerMethodMapping.java:543)- Mapped "{[/metrics/{name:.*}],methods=[GET],produces=[application/json]}" onto public java.lang.Object org.springframework.boot.actuate.endpoint.mvc.MetricsMvcEndpoint.value(java.lang.String)
2019-07-19 16:31:59,014 INFO (AbstractHandlerMethodMapping.java:543)- Mapped "{[/metrics || /metrics.json],methods=[GET],produces=[application/json]}" onto public java.lang.Object org.springframework.boot.actuate.endpoint.mvc.EndpointMvcAdapter.invoke()
2019-07-19 16:31:59,015 INFO (AbstractHandlerMethodMapping.java:543)- Mapped "{[/trace || /trace.json],methods=[GET],produces=[application/json]}" onto public java.lang.Object org.springframework.boot.actuate.endpoint.mvc.EndpointMvcAdapter.invoke()
2019-07-19 16:31:59,016 INFO (AbstractHandlerMethodMapping.java:543)- Mapped "{[/dump || /dump.json],methods=[GET],produces=[application/json]}" onto public java.lang.Object org.springframework.boot.actuate.endpoint.mvc.EndpointMvcAdapter.invoke()
2019-07-19 16:31:59,017 INFO (AbstractHandlerMethodMapping.java:543)- Mapped "{[/info || /info.json],methods=[GET],produces=[application/json]}" onto public java.lang.Object org.springframework.boot.actuate.endpoint.mvc.EndpointMvcAdapter.invoke()
2019-07-19 16:31:59,017 INFO (AbstractHandlerMethodMapping.java:543)- Mapped "{[/configprops || /configprops.json],methods=[GET],produces=[application/json]}" onto public java.lang.Object org.springframework.boot.actuate.endpoint.mvc.EndpointMvcAdapter.invoke()
2019-07-19 16:31:59,018 INFO (AbstractHandlerMethodMapping.java:543)- Mapped "{[/autoconfig || /autoconfig.json],methods=[GET],produces=[application/json]}" onto public java.lang.Object org.springframework.boot.actuate.endpoint.mvc.EndpointMvcAdapter.invoke()
2019-07-19 16:31:59,018 INFO (AbstractHandlerMethodMapping.java:543)- Mapped "{[/beans || /beans.json],methods=[GET],produces=[application/json]}" onto public java.lang.Object org.springframework.boot.actuate.endpoint.mvc.EndpointMvcAdapter.invoke()
2019-07-19 16:31:59,019 INFO (AbstractHandlerMethodMapping.java:543)- Mapped "{[/heapdump || /heapdump.json],methods=[GET],produces=[application/octet-stream]}" onto public void org.springframework.boot.actuate.endpoint.mvc.HeapdumpMvcEndpoint.invoke(boolean,javax.servlet.http.HttpServletRequest,javax.servlet.http.HttpServletResponse) throws java.io.IOException,javax.servlet.ServletException
2019-07-19 16:31:59,019 INFO (AbstractHandlerMethodMapping.java:543)- Mapped "{[/mappings || /mappings.json],methods=[GET],produces=[application/json]}" onto public java.lang.Object org.springframework.boot.actuate.endpoint.mvc.EndpointMvcAdapter.invoke()
2019-07-19 16:31:59,020 INFO (AbstractHandlerMethodMapping.java:543)- Mapped "{[/env/{name:.*}],methods=[GET],produces=[application/json]}" onto public java.lang.Object org.springframework.boot.actuate.endpoint.mvc.EnvironmentMvcEndpoint.value(java.lang.String)
2019-07-19 16:31:59,020 INFO (AbstractHandlerMethodMapping.java:543)- Mapped "{[/env || /env.json],methods=[GET],produces=[application/json]}" onto public java.lang.Object org.springframework.boot.actuate.endpoint.mvc.EndpointMvcAdapter.invoke()
2019-07-19 16:31:59,351 INFO (OptionalLiveReloadServer.java:58)- LiveReload server is running on port 35729
2019-07-19 16:31:59,419 INFO (MBeanExporter.java:431)- Registering beans for JMX exposure on startup
2019-07-19 16:31:59,428 INFO (MBeanExporter.java:912)- Bean with name 'cachingConnectionFactory' has been autodetected for JMX exposure
2019-07-19 16:31:59,433 INFO (MBeanExporter.java:674)- Located managed bean 'cachingConnectionFactory': registering with JMX server as MBean [org.springframework.amqp.rabbit.connection:name=cachingConnectionFactory,type=CachingConnectionFactory]
2019-07-19 16:31:59,445 INFO (MBeanExporter.java:431)- Registering beans for JMX exposure on startup
2019-07-19 16:31:59,448 INFO (SLF4JLogger.java:76)- Exception in monitor thread while connecting to server localhost:27017
com.mongodb.MongoSocketOpenException: Exception opening socket
	at com.mongodb.connection.SocketStream.open(SocketStream.java:63)
	at com.mongodb.connection.InternalStreamConnection.open(InternalStreamConnection.java:114)
	at com.mongodb.connection.DefaultServerMonitor$ServerMonitorRunnable.run(DefaultServerMonitor.java:128)
	at java.lang.Thread.run(Thread.java:748)
Caused by: java.net.ConnectException: Connection refused: connect
	at java.net.DualStackPlainSocketImpl.waitForConnect(Native Method)
	at java.net.DualStackPlainSocketImpl.socketConnect(DualStackPlainSocketImpl.java:85)
	at java.net.AbstractPlainSocketImpl.doConnect(AbstractPlainSocketImpl.java:350)
	at java.net.AbstractPlainSocketImpl.connectToAddress(AbstractPlainSocketImpl.java:206)
	at java.net.AbstractPlainSocketImpl.connect(AbstractPlainSocketImpl.java:188)
	at java.net.PlainSocketImpl.connect(PlainSocketImpl.java:172)
	at java.net.SocksSocketImpl.connect(SocksSocketImpl.java:392)
	at java.net.Socket.connect(Socket.java:589)
	at com.mongodb.connection.SocketStreamHelper.initialize(SocketStreamHelper.java:50)
	at com.mongodb.connection.SocketStream.open(SocketStream.java:58)
	... 3 common frames omitted
2019-07-19 16:31:59,450 INFO (DefaultLifecycleProcessor.java:341)- Starting beans in phase -2147482648
2019-07-19 16:31:59,450 INFO (DefaultLifecycleProcessor.java:341)- Starting beans in phase 0
2019-07-19 16:31:59,456 INFO (MBeanExporter.java:674)- Located managed bean 'requestMappingEndpoint': registering with JMX server as MBean [org.springframework.boot:type=Endpoint,name=requestMappingEndpoint]
2019-07-19 16:31:59,463 INFO (MBeanExporter.java:674)- Located managed bean 'environmentEndpoint': registering with JMX server as MBean [org.springframework.boot:type=Endpoint,name=environmentEndpoint]
2019-07-19 16:31:59,469 INFO (MBeanExporter.java:674)- Located managed bean 'healthEndpoint': registering with JMX server as MBean [org.springframework.boot:type=Endpoint,name=healthEndpoint]
2019-07-19 16:31:59,472 INFO (MBeanExporter.java:674)- Located managed bean 'beansEndpoint': registering with JMX server as MBean [org.springframework.boot:type=Endpoint,name=beansEndpoint]
2019-07-19 16:31:59,475 INFO (MBeanExporter.java:674)- Located managed bean 'infoEndpoint': registering with JMX server as MBean [org.springframework.boot:type=Endpoint,name=infoEndpoint]
2019-07-19 16:31:59,479 INFO (MBeanExporter.java:674)- Located managed bean 'metricsEndpoint': registering with JMX server as MBean [org.springframework.boot:type=Endpoint,name=metricsEndpoint]
2019-07-19 16:31:59,483 INFO (MBeanExporter.java:674)- Located managed bean 'traceEndpoint': registering with JMX server as MBean [org.springframework.boot:type=Endpoint,name=traceEndpoint]
2019-07-19 16:31:59,485 INFO (MBeanExporter.java:674)- Located managed bean 'dumpEndpoint': registering with JMX server as MBean [org.springframework.boot:type=Endpoint,name=dumpEndpoint]
2019-07-19 16:31:59,488 INFO (MBeanExporter.java:674)- Located managed bean 'autoConfigurationReportEndpoint': registering with JMX server as MBean [org.springframework.boot:type=Endpoint,name=autoConfigurationReportEndpoint]
2019-07-19 16:31:59,491 INFO (MBeanExporter.java:674)- Located managed bean 'configurationPropertiesReportEndpoint': registering with JMX server as MBean [org.springframework.boot:type=Endpoint,name=configurationPropertiesReportEndpoint]
2019-07-19 16:31:59,492 INFO (DefaultLifecycleProcessor.java:341)- Starting beans in phase 2147483647
2019-07-19 16:31:59,536 INFO (AbstractConnectionFactory.java:301)- Created new connection: SimpleConnection@77ee3804 [delegate=amqp://guest@10.1.22.5:20002/, localPort= 50420]
2019-07-19 16:31:59,594 INFO (ScheduledAnnotationBeanPostProcessor.java:245)- No TaskScheduler/ScheduledExecutorService bean found for scheduled processing
2019-07-19 16:31:59,603 INFO (DirectJDKLog.java:179)- Initializing ProtocolHandler ["http-nio-8080"]
2019-07-19 16:31:59,614 INFO (DirectJDKLog.java:179)- Starting ProtocolHandler [http-nio-8080]
2019-07-19 16:31:59,626 INFO (DirectJDKLog.java:179)- Using a shared selector for servlet write/read
2019-07-19 16:31:59,641 INFO (TomcatEmbeddedServletContainer.java:185)- Tomcat started on port(s): 8080 (http)
2019-07-19 16:32:18,510 INFO (InstallSocket.java:104)- 发送心跳
2019-07-19 16:32:18,513 INFO (InstallSocket.java:123)- 开始执行线程
2019-07-19 16:32:18,517 INFO (StartupInfoLogger.java:57)- Started Application in 26.568 seconds (JVM running for 27.281)
2019-07-19 16:32:21,511 INFO (ZFMsgThread.java:61)- 本次车辆数据:1319 
2019-07-19 16:32:21,589 INFO (ZFMsgThread.java:77)- 延时大于3分钟:51-54,黑A07378D
2019-07-19 16:32:21,596 INFO (ZFMsgThread.java:77)- 延时大于3分钟:51-52,黑A09078D
2019-07-19 16:32:21,601 INFO (ZFMsgThread.java:159)- busQueue车辆数据:1001 
2019-07-19 16:32:21,602 INFO (ZFMsgThread.java:165)- 刷新车辆缓存使用时间:0.092s
2019-07-19 16:32:22,872 INFO (SaveMessageThread.java:96)- batch execute:0s
2019-07-19 16:32:24,602 INFO (ZFMsgThread.java:61)- 本次车辆数据:2283 
2019-07-19 16:32:24,608 INFO (ZFMsgThread.java:77)- 延时大于3分钟:51-51,黑A02551D
2019-07-19 16:32:24,627 INFO (ZFMsgThread.java:77)- 延时大于3分钟:51-53,黑A06289D
2019-07-19 16:32:24,634 INFO (ZFMsgThread.java:159)- busQueue车辆数据:1721 
2019-07-19 16:32:24,634 INFO (ZFMsgThread.java:165)- 刷新车辆缓存使用时间:0.032s
2019-07-19 16:32:27,635 INFO (ZFMsgThread.java:61)- 本次车辆数据:2738 
2019-07-19 16:32:27,642 INFO (ZFMsgThread.java:77)- 延时大于3分钟:51-54,黑A07378D
2019-07-19 16:32:27,644 INFO (ZFMsgThread.java:77)- 延时大于3分钟:51-51,黑A02551D
2019-07-19 16:32:27,663 INFO (ZFMsgThread.java:77)- 延时大于3分钟:51-52,黑A09078D
2019-07-19 16:32:27,665 INFO (ZFMsgThread.java:77)- 延时大于3分钟:51-53,黑A06289D
2019-07-19 16:32:27,670 INFO (ZFMsgThread.java:159)- busQueue车辆数据:2028 
2019-07-19 16:32:27,670 INFO (ZFMsgThread.java:165)- 刷新车辆缓存使用时间:0.035s
2019-07-19 16:32:30,670 INFO (ZFMsgThread.java:61)- 本次车辆数据:3171 
2019-07-19 16:32:30,708 INFO (ZFMsgThread.java:159)- busQueue车辆数据:2342 
2019-07-19 16:32:30,709 INFO (ZFMsgThread.java:165)- 刷新车辆缓存使用时间:0.039s
2019-07-19 16:32:33,123 INFO (SaveMessageThread.java:96)- batch execute:4s
2019-07-19 16:32:33,709 INFO (ZFMsgThread.java:61)- 本次车辆数据:3435 
2019-07-19 16:32:33,714 INFO (ZFMsgThread.java:77)- 延时大于3分钟:51-51,黑A02551D
2019-07-19 16:32:33,733 INFO (ZFMsgThread.java:77)- 延时大于3分钟:51-54,黑A07378D
2019-07-19 16:32:33,746 INFO (ZFMsgThread.java:77)- 延时大于3分钟:51-52,黑A09078D
2019-07-19 16:32:33,747 INFO (ZFMsgThread.java:77)- 延时大于3分钟:51-53,黑A06289D
2019-07-19 16:32:33,750 INFO (ZFMsgThread.java:159)- busQueue车辆数据:2525 
2019-07-19 16:32:33,751 INFO (ZFMsgThread.java:165)- 刷新车辆缓存使用时间:0.042s
2019-07-19 16:32:36,751 INFO (ZFMsgThread.java:61)- 本次车辆数据:3446 
2019-07-19 16:32:36,773 INFO (ZFMsgThread.java:77)- 延时大于3分钟:51-54,黑A07378D
2019-07-19 16:32:36,784 INFO (ZFMsgThread.java:77)- 延时大于3分钟:51-52,黑A09078D
2019-07-19 16:32:36,794 INFO (ZFMsgThread.java:159)- busQueue车辆数据:2531 
2019-07-19 16:32:36,794 INFO (ZFMsgThread.java:165)- 刷新车辆缓存使用时间:0.043s
2019-07-19 16:32:36,895 INFO (SpringApplicationAdminMXBeanRegistrar.java:125)- Application shutdown requested.
2019-07-19 16:32:36,896 INFO (AbstractApplicationContext.java:987)- Closing org.springframework.boot.context.embedded.AnnotationConfigEmbeddedWebApplicationContext@c69659b: startup date [Fri Jul 19 16:31:52 CST 2019]; root of context hierarchy
2019-07-19 16:32:36,907 INFO (DefaultLifecycleProcessor.java:356)- Stopping beans in phase 2147483647
2019-07-19 16:32:36,915 INFO (SimpleMessageListenerContainer.java:873)- Waiting for workers to finish.
2019-07-19 16:32:37,616 INFO (SimpleMessageListenerContainer.java:876)- Successfully waited for workers to finish.
2019-07-19 16:32:37,617 INFO (DefaultLifecycleProcessor.java:356)- Stopping beans in phase 0
2019-07-19 16:32:37,617 INFO (DefaultLifecycleProcessor.java:356)- Stopping beans in phase -2147482648
2019-07-19 16:32:37,618 INFO (MBeanExporter.java:449)- Unregistering JMX-exposed beans on shutdown
2019-07-19 16:32:37,622 INFO (MBeanRegistrationSupport.java:241)- Unregistering JMX-exposed beans
2019-07-19 16:32:37,624 INFO (MBeanExporter.java:449)- Unregistering JMX-exposed beans on shutdown
2019-07-19 16:32:37,628 INFO (MBeanRegistrationSupport.java:241)- Unregistering JMX-exposed beans
